{"C:\\Users\\User\\OneDrive\\Área de Trabalho\\Bank\\account-bank\\src\\@core\\domain\\account-bank\\account-bank.service.ts": {"path":"C:\\Users\\User\\OneDrive\\Área de Trabalho\\Bank\\account-bank\\src\\@core\\domain\\account-bank\\account-bank.service.ts","statementMap":{"0":{"start":{"line":1,"column":0},"end":{"line":1,"column":59}},"1":{"start":{"line":6,"column":0},"end":{"line":6,"column":63}},"2":{"start":{"line":7,"column":0},"end":{"line":7,"column":45}},"3":{"start":{"line":11,"column":22},"end":{"line":11,"column":66}},"4":{"start":{"line":14,"column":23},"end":{"line":15,"column":null}},"5":{"start":{"line":18,"column":4},"end":{"line":26,"column":null}},"6":{"start":{"line":19,"column":6},"end":{"line":25,"column":8}},"7":{"start":{"line":28,"column":24},"end":{"line":28,"column":79}},"8":{"start":{"line":29,"column":4},"end":{"line":29,"column":57}},"9":{"start":{"line":30,"column":4},"end":{"line":30,"column":23}},"10":{"start":{"line":34,"column":4},"end":{"line":34,"column":48}},"11":{"start":{"line":38,"column":26},"end":{"line":39,"column":null}},"12":{"start":{"line":42,"column":6},"end":{"line":43,"column":null}},"13":{"start":{"line":46,"column":4},"end":{"line":54,"column":null}},"14":{"start":{"line":47,"column":6},"end":{"line":53,"column":8}},"15":{"start":{"line":56,"column":4},"end":{"line":64,"column":null}},"16":{"start":{"line":57,"column":6},"end":{"line":63,"column":8}},"17":{"start":{"line":66,"column":4},"end":{"line":74,"column":null}},"18":{"start":{"line":67,"column":6},"end":{"line":73,"column":8}},"19":{"start":{"line":76,"column":28},"end":{"line":76,"column":49}},"20":{"start":{"line":78,"column":4},"end":{"line":82,"column":6}},"21":{"start":{"line":84,"column":4},"end":{"line":84,"column":59}},"22":{"start":{"line":85,"column":4},"end":{"line":85,"column":64}},"23":{"start":{"line":86,"column":4},"end":{"line":89,"column":27}},"24":{"start":{"line":93,"column":20},"end":{"line":94,"column":null}},"25":{"start":{"line":97,"column":4},"end":{"line":105,"column":null}},"26":{"start":{"line":98,"column":6},"end":{"line":104,"column":8}},"27":{"start":{"line":107,"column":4},"end":{"line":107,"column":45}},"28":{"start":{"line":108,"column":4},"end":{"line":108,"column":53}},"29":{"start":{"line":109,"column":4},"end":{"line":109,"column":19}},"30":{"start":{"line":113,"column":20},"end":{"line":114,"column":null}},"31":{"start":{"line":117,"column":4},"end":{"line":125,"column":null}},"32":{"start":{"line":118,"column":6},"end":{"line":124,"column":8}},"33":{"start":{"line":127,"column":4},"end":{"line":135,"column":null}},"34":{"start":{"line":128,"column":6},"end":{"line":134,"column":8}},"35":{"start":{"line":137,"column":4},"end":{"line":137,"column":44}},"36":{"start":{"line":138,"column":4},"end":{"line":138,"column":53}},"37":{"start":{"line":142,"column":4},"end":{"line":142,"column":61}},"38":{"start":{"line":146,"column":4},"end":{"line":148,"column":6}},"39":{"start":{"line":10,"column":0},"end":{"line":10,"column":13}}},"fnMap":{"0":{"name":"(anonymous_0)","decl":{"start":{"line":11,"column":2},"end":{"line":11,"column":22}},"loc":{"start":{"line":11,"column":66},"end":{"line":11,"column":70}}},"1":{"name":"(anonymous_1)","decl":{"start":{"line":13,"column":2},"end":{"line":13,"column":7}},"loc":{"start":{"line":13,"column":57},"end":{"line":31,"column":3}}},"2":{"name":"(anonymous_2)","decl":{"start":{"line":33,"column":2},"end":{"line":33,"column":7}},"loc":{"start":{"line":33,"column":15},"end":{"line":35,"column":3}}},"3":{"name":"(anonymous_3)","decl":{"start":{"line":37,"column":2},"end":{"line":37,"column":7}},"loc":{"start":{"line":37,"column":53},"end":{"line":90,"column":3}}},"4":{"name":"(anonymous_4)","decl":{"start":{"line":92,"column":2},"end":{"line":92,"column":7}},"loc":{"start":{"line":92,"column":52},"end":{"line":110,"column":3}}},"5":{"name":"(anonymous_5)","decl":{"start":{"line":112,"column":2},"end":{"line":112,"column":7}},"loc":{"start":{"line":112,"column":53},"end":{"line":139,"column":3}}},"6":{"name":"(anonymous_6)","decl":{"start":{"line":141,"column":10},"end":{"line":141,"column":25}},"loc":{"start":{"line":141,"column":62},"end":{"line":143,"column":3}}},"7":{"name":"(anonymous_7)","decl":{"start":{"line":145,"column":10},"end":{"line":145,"column":29}},"loc":{"start":{"line":145,"column":57},"end":{"line":149,"column":3}}}},"branchMap":{"0":{"loc":{"start":{"line":18,"column":4},"end":{"line":26,"column":null}},"type":"if","locations":[{"start":{"line":18,"column":4},"end":{"line":26,"column":null}}]},"1":{"loc":{"start":{"line":46,"column":4},"end":{"line":54,"column":null}},"type":"if","locations":[{"start":{"line":46,"column":4},"end":{"line":54,"column":null}}]},"2":{"loc":{"start":{"line":46,"column":8},"end":{"line":46,"column":45}},"type":"binary-expr","locations":[{"start":{"line":46,"column":8},"end":{"line":46,"column":27}},{"start":{"line":46,"column":31},"end":{"line":46,"column":45}}]},"3":{"loc":{"start":{"line":56,"column":4},"end":{"line":64,"column":null}},"type":"if","locations":[{"start":{"line":56,"column":4},"end":{"line":64,"column":null}}]},"4":{"loc":{"start":{"line":66,"column":4},"end":{"line":74,"column":null}},"type":"if","locations":[{"start":{"line":66,"column":4},"end":{"line":74,"column":null}}]},"5":{"loc":{"start":{"line":97,"column":4},"end":{"line":105,"column":null}},"type":"if","locations":[{"start":{"line":97,"column":4},"end":{"line":105,"column":null}}]},"6":{"loc":{"start":{"line":117,"column":4},"end":{"line":125,"column":null}},"type":"if","locations":[{"start":{"line":117,"column":4},"end":{"line":125,"column":null}}]},"7":{"loc":{"start":{"line":127,"column":4},"end":{"line":135,"column":null}},"type":"if","locations":[{"start":{"line":127,"column":4},"end":{"line":135,"column":null}}]},"8":{"loc":{"start":{"line":142,"column":11},"end":{"line":142,"column":60}},"type":"binary-expr","locations":[{"start":{"line":142,"column":11},"end":{"line":142,"column":32}},{"start":{"line":142,"column":36},"end":{"line":142,"column":60}}]}},"s":{"0":1,"1":1,"2":1,"3":14,"4":14,"5":14,"6":1,"7":13,"8":13,"9":13,"10":1,"11":6,"12":6,"13":6,"14":4,"15":2,"16":1,"17":1,"18":0,"19":1,"20":1,"21":1,"22":1,"23":1,"24":4,"25":4,"26":1,"27":3,"28":3,"29":3,"30":3,"31":3,"32":1,"33":2,"34":1,"35":1,"36":1,"37":3,"38":2,"39":1},"f":{"0":14,"1":14,"2":1,"3":6,"4":4,"5":3,"6":3,"7":2},"b":{"0":[1],"1":[4],"2":[6,3],"3":[1],"4":[0],"5":[1],"6":[1],"7":[1],"8":[3,2]}}
,"C:\\Users\\User\\OneDrive\\Área de Trabalho\\Bank\\account-bank\\src\\@core\\domain\\account-bank\\account-bank.ts": {"path":"C:\\Users\\User\\OneDrive\\Área de Trabalho\\Bank\\account-bank\\src\\@core\\domain\\account-bank\\account-bank.ts","statementMap":{"0":{"start":{"line":1,"column":0},"end":{"line":1,"column":36}},"1":{"start":{"line":4,"column":2},"end":{"line":4,"column":14}},"2":{"start":{"line":9,"column":4},"end":{"line":9,"column":30}},"3":{"start":{"line":10,"column":4},"end":{"line":10,"column":27}},"4":{"start":{"line":11,"column":4},"end":{"line":11,"column":41}},"5":{"start":{"line":15,"column":4},"end":{"line":15,"column":27}},"6":{"start":{"line":19,"column":4},"end":{"line":19,"column":27}},"7":{"start":{"line":23,"column":4},"end":{"line":23,"column":20}},"8":{"start":{"line":3,"column":0},"end":{"line":3,"column":13}}},"fnMap":{"0":{"name":"(anonymous_2)","decl":{"start":{"line":8,"column":2},"end":{"line":8,"column":14}},"loc":{"start":{"line":8,"column":66},"end":{"line":12,"column":3}}},"1":{"name":"(anonymous_3)","decl":{"start":{"line":14,"column":9},"end":{"line":14,"column":14}},"loc":{"start":{"line":14,"column":29},"end":{"line":16,"column":3}}},"2":{"name":"(anonymous_4)","decl":{"start":{"line":18,"column":9},"end":{"line":18,"column":15}},"loc":{"start":{"line":18,"column":30},"end":{"line":20,"column":3}}},"3":{"name":"(anonymous_5)","decl":{"start":{"line":22,"column":2},"end":{"line":22,"column":6}},"loc":{"start":{"line":22,"column":8},"end":{"line":24,"column":3}}}},"branchMap":{"0":{"loc":{"start":{"line":9,"column":15},"end":{"line":9,"column":29}},"type":"cond-expr","locations":[{"start":{"line":9,"column":15},"end":{"line":9,"column":17}},{"start":{"line":9,"column":21},"end":{"line":9,"column":29}}]},"1":{"loc":{"start":{"line":9,"column":15},"end":{"line":9,"column":21}},"type":"binary-expr","locations":[{"start":{"line":9,"column":15},"end":{"line":9,"column":21}},{"start":{"line":9,"column":15},"end":{"line":9,"column":21}}]}},"s":{"0":4,"1":38,"2":38,"3":38,"4":38,"5":4,"6":6,"7":25,"8":4},"f":{"0":38,"1":4,"2":6,"3":25},"b":{"0":[25,13],"1":[38,38]}}
,"C:\\Users\\User\\OneDrive\\Área de Trabalho\\Bank\\account-bank\\src\\@core\\domain\\transfer\\transfer.service.ts": {"path":"C:\\Users\\User\\OneDrive\\Área de Trabalho\\Bank\\account-bank\\src\\@core\\domain\\transfer\\transfer.service.ts","statementMap":{"0":{"start":{"line":9,"column":4},"end":{"line":9,"column":32}},"1":{"start":{"line":10,"column":4},"end":{"line":10,"column":38}},"2":{"start":{"line":3,"column":0},"end":{"line":3,"column":13}}},"fnMap":{"0":{"name":"(anonymous_0)","decl":{"start":{"line":4,"column":2},"end":{"line":4,"column":7}},"loc":{"start":{"line":7,"column":18},"end":{"line":11,"column":3}}}},"branchMap":{},"s":{"0":2,"1":2,"2":2},"f":{"0":2},"b":{}}
,"C:\\Users\\User\\OneDrive\\Área de Trabalho\\Bank\\account-bank\\src\\@core\\infra\\db\\account-bank\\account-bank-typeorm.repository.ts": {"path":"C:\\Users\\User\\OneDrive\\Área de Trabalho\\Bank\\account-bank\\src\\@core\\infra\\db\\account-bank\\account-bank-typeorm.repository.ts","statementMap":{"0":{"start":{"line":1,"column":0},"end":{"line":1,"column":72}},"1":{"start":{"line":7,"column":31},"end":{"line":7,"column":69}},"2":{"start":{"line":10,"column":4},"end":{"line":10,"column":29}},"3":{"start":{"line":11,"column":18},"end":{"line":11,"column":50}},"4":{"start":{"line":12,"column":4},"end":{"line":12,"column":37}},"5":{"start":{"line":16,"column":4},"end":{"line":23,"column":null}},"6":{"start":{"line":17,"column":20},"end":{"line":19,"column":8}},"7":{"start":{"line":20,"column":6},"end":{"line":20,"column":76}},"8":{"start":{"line":22,"column":6},"end":{"line":22,"column":18}},"9":{"start":{"line":27,"column":4},"end":{"line":27,"column":59}},"10":{"start":{"line":31,"column":19},"end":{"line":31,"column":44}},"11":{"start":{"line":32,"column":4},"end":{"line":34,"column":6}},"12":{"start":{"line":33,"column":17},"end":{"line":33,"column":79}},"13":{"start":{"line":6,"column":0},"end":{"line":6,"column":13}}},"fnMap":{"0":{"name":"(anonymous_0)","decl":{"start":{"line":7,"column":2},"end":{"line":7,"column":31}},"loc":{"start":{"line":7,"column":69},"end":{"line":7,"column":73}}},"1":{"name":"(anonymous_1)","decl":{"start":{"line":9,"column":2},"end":{"line":9,"column":7}},"loc":{"start":{"line":9,"column":39},"end":{"line":13,"column":3}}},"2":{"name":"(anonymous_2)","decl":{"start":{"line":15,"column":2},"end":{"line":15,"column":7}},"loc":{"start":{"line":15,"column":49},"end":{"line":24,"column":3}}},"3":{"name":"(anonymous_3)","decl":{"start":{"line":26,"column":2},"end":{"line":26,"column":7}},"loc":{"start":{"line":26,"column":39},"end":{"line":28,"column":3}}},"4":{"name":"(anonymous_4)","decl":{"start":{"line":30,"column":2},"end":{"line":30,"column":7}},"loc":{"start":{"line":30,"column":15},"end":{"line":35,"column":3}}},"5":{"name":"(anonymous_5)","decl":{"start":{"line":33,"column":6},"end":{"line":33,"column":7}},"loc":{"start":{"line":33,"column":17},"end":{"line":33,"column":79}}}},"branchMap":{},"s":{"0":2,"1":17,"2":16,"3":16,"4":16,"5":34,"6":34,"7":34,"8":20,"9":6,"10":2,"11":2,"12":3,"13":2},"f":{"0":17,"1":16,"2":34,"3":6,"4":2,"5":3},"b":{}}
,"C:\\Users\\User\\OneDrive\\Área de Trabalho\\Bank\\account-bank\\src\\@core\\infra\\db\\account-bank\\account-bank.schema.ts": {"path":"C:\\Users\\User\\OneDrive\\Área de Trabalho\\Bank\\account-bank\\src\\@core\\infra\\db\\account-bank\\account-bank.schema.ts","statementMap":{"0":{"start":{"line":1,"column":0},"end":{"line":1,"column":65}},"1":{"start":{"line":4,"column":0},"end":{"line":13,"column":null}},"2":{"start":{"line":6,"column":2},"end":{"line":6,"column":null}},"3":{"start":{"line":9,"column":2},"end":{"line":9,"column":null}},"4":{"start":{"line":12,"column":2},"end":{"line":12,"column":null}},"5":{"start":{"line":4,"column":13},"end":{"line":13,"column":null}},"6":{"start":{"line":4,"column":13},"end":{"line":4,"column":30}}},"fnMap":{},"branchMap":{},"s":{"0":2,"1":2,"2":2,"3":2,"4":2,"5":2,"6":2},"f":{},"b":{}}
}
