TN:
SF:src\@core\domain\account-bank\account-bank.service.ts
FN:11,(anonymous_0)
FN:13,(anonymous_1)
FN:33,(anonymous_2)
FN:37,(anonymous_3)
FN:92,(anonymous_4)
FN:112,(anonymous_5)
FN:141,(anonymous_6)
FN:145,(anonymous_7)
FNF:8
FNH:8
FNDA:14,(anonymous_0)
FNDA:14,(anonymous_1)
FNDA:1,(anonymous_2)
FNDA:6,(anonymous_3)
FNDA:4,(anonymous_4)
FNDA:3,(anonymous_5)
FNDA:3,(anonymous_6)
FNDA:2,(anonymous_7)
DA:1,1
DA:6,1
DA:7,1
DA:10,1
DA:11,14
DA:14,14
DA:18,14
DA:19,1
DA:28,13
DA:29,13
DA:30,13
DA:34,1
DA:38,6
DA:42,6
DA:46,6
DA:47,4
DA:56,2
DA:57,1
DA:66,1
DA:67,0
DA:76,1
DA:78,1
DA:84,1
DA:85,1
DA:86,1
DA:93,4
DA:97,4
DA:98,1
DA:107,3
DA:108,3
DA:109,3
DA:113,3
DA:117,3
DA:118,1
DA:127,2
DA:128,1
DA:137,1
DA:138,1
DA:142,3
DA:146,2
LF:40
LH:39
BRDA:18,0,0,1
BRDA:46,1,0,4
BRDA:46,2,0,6
BRDA:46,2,1,3
BRDA:56,3,0,1
BRDA:66,4,0,0
BRDA:97,5,0,1
BRDA:117,6,0,1
BRDA:127,7,0,1
BRDA:142,8,0,3
BRDA:142,8,1,2
BRF:11
BRH:10
end_of_record
TN:
SF:src\@core\domain\account-bank\account-bank.ts
FN:8,(anonymous_2)
FN:14,(anonymous_3)
FN:18,(anonymous_4)
FN:22,(anonymous_5)
FNF:4
FNH:4
FNDA:38,(anonymous_2)
FNDA:4,(anonymous_3)
FNDA:6,(anonymous_4)
FNDA:25,(anonymous_5)
DA:1,4
DA:3,4
DA:4,38
DA:9,38
DA:10,38
DA:11,38
DA:15,4
DA:19,6
DA:23,25
LF:9
LH:9
BRDA:9,0,0,25
BRDA:9,0,1,13
BRDA:9,1,0,38
BRDA:9,1,1,38
BRF:4
BRH:4
end_of_record
TN:
SF:src\@core\domain\transfer\transfer.service.ts
FN:4,(anonymous_0)
FNF:1
FNH:1
FNDA:2,(anonymous_0)
DA:3,2
DA:9,2
DA:10,2
LF:3
LH:3
BRF:0
BRH:0
end_of_record
TN:
SF:src\@core\infra\db\account-bank\account-bank-typeorm.repository.ts
FN:7,(anonymous_0)
FN:9,(anonymous_1)
FN:15,(anonymous_2)
FN:26,(anonymous_3)
FN:30,(anonymous_4)
FN:33,(anonymous_5)
FNF:6
FNH:6
FNDA:17,(anonymous_0)
FNDA:16,(anonymous_1)
FNDA:34,(anonymous_2)
FNDA:6,(anonymous_3)
FNDA:2,(anonymous_4)
FNDA:3,(anonymous_5)
DA:1,2
DA:6,2
DA:7,17
DA:10,16
DA:11,16
DA:12,16
DA:16,34
DA:17,34
DA:20,34
DA:22,20
DA:27,6
DA:31,2
DA:32,2
DA:33,3
LF:14
LH:14
BRF:0
BRH:0
end_of_record
TN:
SF:src\@core\infra\db\account-bank\account-bank.schema.ts
FNF:0
FNH:0
DA:1,2
DA:4,2
DA:6,2
DA:9,2
DA:12,2
LF:5
LH:5
BRF:0
BRH:0
end_of_record
